<?xml version="1.0" encoding="UTF-8"?>
<!-- Generated by org.testng.reporters.JUnitXMLReporter -->
<testsuite ignored="1" hostname="RavindraLaptop" failures="0" tests="4" name="Ravindra" time="10.61" errors="0" timestamp="2021-09-25T20:50:19 IST">
  <testcase classname="MyTestNG.Sept25_FirstSeleniumWithDependancies" name="init12" time="2.697"/>
  <testcase classname="MyTestNG.Sept25_FirstSeleniumWithDependancies" name="openURL" time="4.832"/>
  <testcase classname="MyTestNG.Sept25_FirstSeleniumWithDependancies" name="find" time="2.917"/>
  <testcase classname="MyTestNG.Sept25_FirstSeleniumWithDependancies" name="displayResult" time="0.048"/>
  <testcase classname="MyTestNG.Sept25_FirstSeleniumWithDependancies" name="clickgmail" time="0.0">
    <ignored/>
  </testcase> <!-- clickgmail -->
</testsuite> <!-- Ravindra -->
