<?xml version="1.0" encoding="UTF-8"?>
<!-- Generated by org.testng.reporters.JUnitXMLReporter -->
<testsuite ignored="0" hostname="RavindraLaptop" failures="2" tests="8" name="Hello" time="0.161" errors="0" timestamp="2021-09-30T20:17:50 IST">
  <testcase classname="MyTestNG.Sept29_DP" name="f" time="0.002"/>
  <testcase classname="MyTestNG.Sept29_DP" name="f" time="0.005"/>
  <testcase classname="MyTestNG.Sept29_DP" name="f" time="0.002"/>
  <testcase classname="MyTestNG.Sept29_DP" name="f" time="0.009"/>
  <testcase classname="MyTestNG.Sept29_DP" name="g" time="0.012"/>
  <testcase classname="MyTestNG.Sept29_DP" name="g" time="0.018"/>
  <testcase classname="MyTestNG.Sept29_DP" name="g" time="0.003">
    <failure type="java.lang.AssertionError" message="expected [-10] but found [30]">
      <![CDATA[java.lang.AssertionError: expected [-10] but found [30]
at MyTestNG.Sept29_DP.g(Sept29_DP.java:25)
at java.base/java.util.ArrayList.forEach(ArrayList.java:1511)
... Removed 33 stack frames]]>
    </failure>
  </testcase> <!-- g -->
  <testcase classname="MyTestNG.Sept29_DP" name="g" time="0.004">
    <failure type="java.lang.AssertionError" message="expected [19] but found [21]">
      <![CDATA[java.lang.AssertionError: expected [19] but found [21]
at MyTestNG.Sept29_DP.g(Sept29_DP.java:25)
at java.base/java.util.ArrayList.forEach(ArrayList.java:1511)
... Removed 33 stack frames]]>
    </failure>
  </testcase> <!-- g -->
</testsuite> <!-- Hello -->
